d:\codec\git\opus_arm\opus_demo\opus_demo\arm\debug\opus_demo.pch
d:\codec\git\opus_arm\opus_demo\opus_demo\arm\debug\vc140.pdb
d:\codec\git\opus_arm\opus_demo\opus_demo\arm\debug\pch.obj
d:\codec\git\opus_arm\opus_demo\opus_demo\arm\debug\mainpage.xaml.obj
d:\codec\git\opus_arm\opus_demo\opus_demo\arm\debug\xamltypeinfo.impl.g.obj
d:\codec\git\opus_arm\opus_demo\opus_demo\arm\debug\app.xaml.obj
d:\codec\git\opus_arm\opus_demo\opus_demo\arm\debug\xamltypeinfo.g.obj
d:\codec\git\opus_arm\opus_demo\arm\debug\opus_demo\opus_demo.winmd
d:\codec\git\opus_arm\opus_demo\opus_demo\arm\debug\opus_demo.tlog\opus_demo.winmd.lastbuild
d:\codec\git\opus_arm\opus_demo\arm\debug\opus_demo\opus_demo.ilk
d:\codec\git\opus_arm\opus_demo\arm\debug\opus_demo\opus_demo.exe
d:\codec\git\opus_arm\opus_demo\arm\debug\opus_demo\opus_demo.pdb
d:\codec\git\opus_arm\opus_demo\opus_demo\generated files\app.g.h
d:\codec\git\opus_arm\opus_demo\opus_demo\generated files\mainpage.g.h
d:\codec\git\opus_arm\opus_demo\opus_demo\generated files\xamllibmetadataprovider.g.cpp
d:\codec\git\opus_arm\opus_demo\opus_demo\generated files\xamltypeinfo.impl.g.cpp
d:\codec\git\opus_arm\opus_demo\opus_demo\generated files\app.xaml
d:\codec\git\opus_arm\opus_demo\opus_demo\generated files\mainpage.xaml
d:\codec\git\opus_arm\opus_demo\opus_demo\generated files\app.xbf
d:\codec\git\opus_arm\opus_demo\opus_demo\generated files\mainpage.xbf
d:\codec\git\opus_arm\opus_demo\opus_demo\arm\debug\xamlsavestatefile.xml
d:\codec\git\opus_arm\opus_demo\opus_demo\generated files\xamltypeinfo.g.cpp
d:\codec\git\opus_arm\opus_demo\arm\debug\opus_demo\app.xbf
d:\codec\git\opus_arm\opus_demo\arm\debug\opus_demo\mainpage.xbf
d:\codec\git\opus_arm\opus_demo\opus_demo\arm\debug\resourcehandlingtask.state
d:\codec\git\opus_arm\opus_demo\opus_demo\arm\debug\opus_demo.vcxproj.generateresource.cache
d:\codec\git\opus_arm\opus_demo\opus_demo\arm\debug\priconfig.xml
d:\codec\git\opus_arm\opus_demo\opus_demo\arm\debug\priconfig.xml.intermediate
d:\codec\git\opus_arm\opus_demo\opus_demo\arm\debug\layout.resfiles
d:\codec\git\opus_arm\opus_demo\opus_demo\arm\debug\layout.resfiles.intermediate
d:\codec\git\opus_arm\opus_demo\opus_demo\arm\debug\resources.resfiles
d:\codec\git\opus_arm\opus_demo\opus_demo\arm\debug\resources.resfiles.intermediate
d:\codec\git\opus_arm\opus_demo\opus_demo\arm\debug\pri.resfiles
d:\codec\git\opus_arm\opus_demo\opus_demo\arm\debug\pri.resfiles.intermediate
d:\codec\git\opus_arm\opus_demo\arm\debug\opus_demo\resources.pri
d:\codec\git\opus_arm\opus_demo\opus_demo\arm\debug\qualifiers.txt
d:\codec\git\opus_arm\opus_demo\opus_demo\arm\debug\qualifiers.txt.intermediate
d:\codec\git\opus_arm\opus_demo\opus_demo\arm\debug\multiplequalifiersperdimensionfound.txt
d:\codec\git\opus_arm\opus_demo\opus_demo\arm\debug\projectarchitectures.txt
d:\codec\git\opus_arm\opus_demo\arm\debug\opus_demo\appxmanifest.xml
d:\codec\git\opus_arm\opus_demo\arm\debug\opus_demo\opus_demo.build.appxrecipe
d:\codec\git\opus_arm\opus_demo\opus_demo\arm\debug\opus_demo.tlog\cl.command.1.tlog
d:\codec\git\opus_arm\opus_demo\opus_demo\arm\debug\opus_demo.tlog\cl.read.1.tlog
d:\codec\git\opus_arm\opus_demo\opus_demo\arm\debug\opus_demo.tlog\cl.write.1.tlog
d:\codec\git\opus_arm\opus_demo\opus_demo\arm\debug\opus_demo.tlog\link.command.1.tlog
d:\codec\git\opus_arm\opus_demo\opus_demo\arm\debug\opus_demo.tlog\link.read.1.tlog
d:\codec\git\opus_arm\opus_demo\opus_demo\arm\debug\opus_demo.tlog\link.write.1.tlog
d:\codec\git\opus_arm\opus_demo\opus_demo\arm\debug\opus_demo.tlog\opus_demo.read.1u.tlog
d:\codec\git\opus_arm\opus_demo\opus_demo\arm\debug\opus_demo.tlog\opus_demo.write.1u.tlog
d:\codec\git\opus_arm\opus_demo\opus_demo\generated files\xamlbindinginfo.g.h
d:\codec\git\opus_arm\opus_demo\opus_demo\generated files\xamltypeinfo.g.h
